Using pre-set license
Built from '2020.3/staging' branch; Version is '2020.3.19f1 (68f137dc9bbe) revision 6877495'; Using compiler version '192528614'; Build Type 'Release'
OS: 'Windows 10 Home; OS build 22000.978; Version 2009; 64bit' Language: 'en' Physical Memory: 32509 MB
BatchMode: 1, IsHumanControllingUs: 0, StartBugReporterOnCrash: 0, Is64bit: 1, IsPro: 0

COMMAND LINE ARGUMENTS:
C:\Program Files\Unity\Hub\Editor\2020.3.19f1\Editor\Unity.exe
-adb2
-batchMode
-noUpm
-name
AssetImportWorker0
-projectPath
C:/Users/Kenjr/Unity/Projects/CC_VFX
-logFile
Logs/AssetImportWorker0.log
-srvPort
63838
Successfully changed project path to: C:/Users/Kenjr/Unity/Projects/CC_VFX
C:/Users/Kenjr/Unity/Projects/CC_VFX
Using Asset Import Pipeline V2.
Refreshing native plugins compatible for Editor in 31.46 ms, found 2 plugins.
Preloading 0 native plugins for Editor in 0.00 ms.
Initialize engine version: 2020.3.19f1 (68f137dc9bbe)
[Subsystems] Discovering subsystems at path C:/Program Files/Unity/Hub/Editor/2020.3.19f1/Editor/Data/Resources/UnitySubsystems
[Subsystems] Discovering subsystems at path C:/Users/Kenjr/Unity/Projects/CC_VFX/Assets
GfxDevice: creating device client; threaded=0
Direct3D:
    Version:  Direct3D 11.0 [level 11.1]
    Renderer: NVIDIA GeForce RTX 3080 (ID=0x2216)
    Vendor:   
    VRAM:     10078 MB
    Driver:   31.0.15.1694
Initialize mono
Mono path[0] = 'C:/Program Files/Unity/Hub/Editor/2020.3.19f1/Editor/Data/Managed'
Mono path[1] = 'C:/Program Files/Unity/Hub/Editor/2020.3.19f1/Editor/Data/MonoBleedingEdge/lib/mono/unityjit'
Mono config path = 'C:/Program Files/Unity/Hub/Editor/2020.3.19f1/Editor/Data/MonoBleedingEdge/etc'
Using monoOptions --debugger-agent=transport=dt_socket,embedding=1,server=y,suspend=n,address=127.0.0.1:56088
Begin MonoManager ReloadAssembly
Registering precompiled unity dll's ...
Register platform support module: C:/Program Files/Unity/Hub/Editor/2020.3.19f1/Editor/Data/PlaybackEngines/WindowsStandaloneSupport/UnityEditor.WindowsStandalone.Extensions.dll
Registered in 0.000817 seconds.
Native extension for WindowsStandalone target not found
Refreshing native plugins compatible for Editor in 32.83 ms, found 2 plugins.
Preloading 0 native plugins for Editor in 0.00 ms.
Mono: successfully reloaded assembly
- Completed reload, in  0.608 seconds
Domain Reload Profiling:
	ReloadAssembly (608ms)
		BeginReloadAssembly (29ms)
			ExecutionOrderSort (0ms)
			DisableScriptedObjects (0ms)
			BackupInstance (0ms)
			ReleaseScriptingObjects (0ms)
			CreateAndSetChildDomain (0ms)
		EndReloadAssembly (269ms)
			LoadAssemblies (28ms)
			RebuildTransferFunctionScriptingTraits (0ms)
			SetupTypeCache (112ms)
			ReleaseScriptCaches (0ms)
			RebuildScriptCaches (16ms)
			SetupLoadedEditorAssemblies (104ms)
				LogAssemblyErrors (0ms)
				InitializePlatformSupportModulesInManaged (2ms)
				SetLoadedEditorAssemblies (0ms)
				RefreshPlugins (33ms)
				BeforeProcessingInitializeOnLoad (6ms)
				ProcessInitializeOnLoadAttributes (46ms)
				ProcessInitializeOnLoadMethodAttributes (16ms)
				AfterProcessingInitializeOnLoad (0ms)
				EditorAssembliesLoaded (0ms)
			ExecutionOrderSort2 (0ms)
			AwakeInstancesAfterBackupRestoration (0ms)
Platform modules already initialized, skipping
Registering precompiled user dll's ...
Registered in 0.001558 seconds.
Begin MonoManager ReloadAssembly
Native extension for WindowsStandalone target not found
Refreshing native plugins compatible for Editor in 31.59 ms, found 2 plugins.
Preloading 0 native plugins for Editor in 0.00 ms.
Mono: successfully reloaded assembly
- Completed reload, in  0.617 seconds
Domain Reload Profiling:
	ReloadAssembly (618ms)
		BeginReloadAssembly (74ms)
			ExecutionOrderSort (0ms)
			DisableScriptedObjects (2ms)
			BackupInstance (0ms)
			ReleaseScriptingObjects (0ms)
			CreateAndSetChildDomain (11ms)
		EndReloadAssembly (511ms)
			LoadAssemblies (49ms)
			RebuildTransferFunctionScriptingTraits (0ms)
			SetupTypeCache (168ms)
			ReleaseScriptCaches (0ms)
			RebuildScriptCaches (36ms)
			SetupLoadedEditorAssemblies (192ms)
				LogAssemblyErrors (0ms)
				InitializePlatformSupportModulesInManaged (3ms)
				SetLoadedEditorAssemblies (0ms)
				RefreshPlugins (32ms)
				BeforeProcessingInitializeOnLoad (41ms)
				ProcessInitializeOnLoadAttributes (110ms)
				ProcessInitializeOnLoadMethodAttributes (3ms)
				AfterProcessingInitializeOnLoad (2ms)
				EditorAssembliesLoaded (1ms)
			ExecutionOrderSort2 (0ms)
			AwakeInstancesAfterBackupRestoration (4ms)
Platform modules already initialized, skipping
========================================================================
Worker process is ready to serve import requests
Launched and connected shader compiler UnityShaderCompiler.exe after 0.03 seconds
Refreshing native plugins compatible for Editor in 0.56 ms, found 2 plugins.
Preloading 0 native plugins for Editor in 0.00 ms.
Unloading 3229 Unused Serialized files (Serialized files now loaded: 0)
System memory in use before: 137.8 MB.
System memory in use after: 138.0 MB.

Unloading 17 unused Assets to reduce memory usage. Loaded Objects now: 3664.
Total: 2.638300 ms (FindLiveObjects: 0.155800 ms CreateObjectMapping: 0.062400 ms MarkObjects: 2.361400 ms  DeleteObjects: 0.056900 ms)

AssetImportParameters requested are different than current active one (requested -> active):
  custom:framework-win-MediaFoundation: 216162199b28c13a410421893ffa2e32 -> 
  custom:video-decoder-ogg-theora: a1e56fd34408186e4bbccfd4996cb3dc -> 
  custom:container-muxer-webm: aa71ff27fc2769a1b78a27578f13a17b -> 
  custom:container-demuxer-webm: 4f35f7cbe854078d1ac9338744f61a02 -> 
  custom:container-demuxer-ogg: 62fdf1f143b41e24485cea50d1cbac27 -> 
  custom:video-encoder-webm-vp8: eb34c28f22e8b96e1ab97ce403110664 -> 
  custom:video-decoder-webm-vp8: 9c59270c3fd7afecdb556c50c9e8de78 -> 
  custom:audio-decoder-ogg-vorbis: bf7c407c2cedff20999df2af8eb42d56 -> 
  custom:audio-encoder-webm-vorbis: bf7c407c2cedff20999df2af8eb42d56 -> 
========================================================================
Received Import Request.
  path: Assets/CreativeCore_VFX/Scenes/TutorialScene_VFX_Outdoor/ReflectionProbe-0.exr
  artifactKey: Guid(5402d8b6a653a27498f87afb42b0aa29) Importer(815301076,1909f56bfc062723c751e8b465ee728b)
Start importing Assets/CreativeCore_VFX/Scenes/TutorialScene_VFX_Outdoor/ReflectionProbe-0.exr using Guid(5402d8b6a653a27498f87afb42b0aa29) Importer(815301076,1909f56bfc062723c751e8b465ee728b)  -> (artifact id: 'ac1934b5f3683f92a8ac634487d64c7a') in 0.065292 seconds 
  Import took 0.068686 seconds .

========================================================================
Received Import Request.
  Time since last request: 0.000152 seconds.
  path: Assets/CreativeCore_VFX/Scenes/TutorialScene_VFX_Outdoor/LightingData.asset
  artifactKey: Guid(51eb04f05ff61e54c945e235b431e50b) Importer(815301076,1909f56bfc062723c751e8b465ee728b)
Start importing Assets/CreativeCore_VFX/Scenes/TutorialScene_VFX_Outdoor/LightingData.asset using Guid(51eb04f05ff61e54c945e235b431e50b) Importer(815301076,1909f56bfc062723c751e8b465ee728b)  -> (artifact id: 'b5090fa22fa01a71d57407031f5e76d7') in 0.005058 seconds 
  Import took 0.008248 seconds .

========================================================================
Received Import Request.
  Time since last request: 0.000110 seconds.
  path: Assets/CreativeCore_VFX/Scenes/TutorialScene_VFX_Outdoor/Lightmap-0_comp_dir.png
  artifactKey: Guid(9a8ef562bc93c864881184763a3fcb03) Importer(815301076,1909f56bfc062723c751e8b465ee728b)
Start importing Assets/CreativeCore_VFX/Scenes/TutorialScene_VFX_Outdoor/Lightmap-0_comp_dir.png using Guid(9a8ef562bc93c864881184763a3fcb03) Importer(815301076,1909f56bfc062723c751e8b465ee728b)  -> (artifact id: '6ede657a1c49c0a69a50400d2095b867') in 0.027815 seconds 
  Import took 0.030885 seconds .

========================================================================
Received Import Request.
  Time since last request: 0.000137 seconds.
  path: Assets/CreativeCore_VFX/Scenes/TutorialScene_VFX_Outdoor/Lightmap-0_comp_light.exr
  artifactKey: Guid(b37bf8b3c1a2fa54c9fc44cc7b4ddc8e) Importer(815301076,1909f56bfc062723c751e8b465ee728b)
Start importing Assets/CreativeCore_VFX/Scenes/TutorialScene_VFX_Outdoor/Lightmap-0_comp_light.exr using Guid(b37bf8b3c1a2fa54c9fc44cc7b4ddc8e) Importer(815301076,1909f56bfc062723c751e8b465ee728b)  -> (artifact id: 'b68c8fc2bbf6b509ed9967b2673d6a23') in 0.011952 seconds 
  Import took 0.015139 seconds .

========================================================================
Received Import Request.
  Time since last request: 0.000138 seconds.
  path: Assets/CreativeCore_VFX/Scenes/TutorialScene_VFX_Outdoor/Lightmap-1_comp_light.exr
  artifactKey: Guid(7d17126f1d76bcc4e8563ec07a0d681d) Importer(815301076,1909f56bfc062723c751e8b465ee728b)
Start importing Assets/CreativeCore_VFX/Scenes/TutorialScene_VFX_Outdoor/Lightmap-1_comp_light.exr using Guid(7d17126f1d76bcc4e8563ec07a0d681d) Importer(815301076,1909f56bfc062723c751e8b465ee728b)  -> (artifact id: 'f35db0e74eae40f330d4a392de466980') in 0.008342 seconds 
  Import took 0.011448 seconds .

========================================================================
Received Import Request.
  Time since last request: 0.000125 seconds.
  path: Assets/CreativeCore_VFX/Scenes/TutorialScene_VFX_Outdoor/Lightmap-2_comp_light.exr
  artifactKey: Guid(50ff7a6f3b9f68a4ca50bf64f634e2d0) Importer(815301076,1909f56bfc062723c751e8b465ee728b)
Start importing Assets/CreativeCore_VFX/Scenes/TutorialScene_VFX_Outdoor/Lightmap-2_comp_light.exr using Guid(50ff7a6f3b9f68a4ca50bf64f634e2d0) Importer(815301076,1909f56bfc062723c751e8b465ee728b)  -> (artifact id: 'c74ad1f143e938c6d5787921875dedf3') in 0.008262 seconds 
  Import took 0.011352 seconds .

========================================================================
Received Import Request.
  Time since last request: 0.000120 seconds.
  path: Assets/CreativeCore_VFX/Scenes/TutorialScene_VFX_Outdoor/Lightmap-2_comp_dir.png
  artifactKey: Guid(834a7db3e9b4b67429cf25fd812500de) Importer(815301076,1909f56bfc062723c751e8b465ee728b)
Start importing Assets/CreativeCore_VFX/Scenes/TutorialScene_VFX_Outdoor/Lightmap-2_comp_dir.png using Guid(834a7db3e9b4b67429cf25fd812500de) Importer(815301076,1909f56bfc062723c751e8b465ee728b)  -> (artifact id: 'b2f26a10348cb5d252bb53c9d8289b68') in 0.009103 seconds 
  Import took 0.012160 seconds .

========================================================================
Received Import Request.
  Time since last request: 0.000121 seconds.
  path: Assets/CreativeCore_VFX/Scenes/TutorialScene_VFX_Outdoor/Lightmap-1_comp_dir.png
  artifactKey: Guid(1960c9f9963cb80429eec60385e44eb3) Importer(815301076,1909f56bfc062723c751e8b465ee728b)
Start importing Assets/CreativeCore_VFX/Scenes/TutorialScene_VFX_Outdoor/Lightmap-1_comp_dir.png using Guid(1960c9f9963cb80429eec60385e44eb3) Importer(815301076,1909f56bfc062723c751e8b465ee728b)  -> (artifact id: 'fe667abef585697fe8ee16465b37f178') in 0.007690 seconds 
  Import took 0.010851 seconds .

========================================================================
Received Import Request.
  Time since last request: 12.804261 seconds.
  path: Assets/CreativeCore_VFX/Scenes/FinalScene_VFX_Outdoor/LightingData.asset
  artifactKey: Guid(670f47a74d0d1d042ab6ce4b75019fbc) Importer(815301076,1909f56bfc062723c751e8b465ee728b)
Start importing Assets/CreativeCore_VFX/Scenes/FinalScene_VFX_Outdoor/LightingData.asset using Guid(670f47a74d0d1d042ab6ce4b75019fbc) Importer(815301076,1909f56bfc062723c751e8b465ee728b)  -> (artifact id: 'd7e0847eeeee77ecb878d02c3700ccf7') in 0.001723 seconds 
  Import took 0.005025 seconds .

========================================================================
Received Import Request.
  Time since last request: 0.000132 seconds.
  path: Assets/CreativeCore_VFX/Scenes/FinalScene_VFX_Outdoor/ReflectionProbe-0.exr
  artifactKey: Guid(866147a91b22ed24eb9f17a19ef8b13c) Importer(815301076,1909f56bfc062723c751e8b465ee728b)
Start importing Assets/CreativeCore_VFX/Scenes/FinalScene_VFX_Outdoor/ReflectionProbe-0.exr using Guid(866147a91b22ed24eb9f17a19ef8b13c) Importer(815301076,1909f56bfc062723c751e8b465ee728b)  -> (artifact id: '2e6e2509448df8ba0b9b77a8c389f61a') in 0.013438 seconds 
  Import took 0.016608 seconds .

========================================================================
Received Import Request.
  Time since last request: 0.000128 seconds.
  path: Assets/CreativeCore_VFX/Scenes/FinalScene_VFX_Outdoor/Lightmap-0_comp_dir.png
  artifactKey: Guid(e60f2f79ffd84be4f9c5198458ecaa4c) Importer(815301076,1909f56bfc062723c751e8b465ee728b)
Start importing Assets/CreativeCore_VFX/Scenes/FinalScene_VFX_Outdoor/Lightmap-0_comp_dir.png using Guid(e60f2f79ffd84be4f9c5198458ecaa4c) Importer(815301076,1909f56bfc062723c751e8b465ee728b)  -> (artifact id: '939ed1492bfa5d1392d0684e3c59df79') in 0.007171 seconds 
  Import took 0.010303 seconds .

========================================================================
Received Import Request.
  Time since last request: 0.000124 seconds.
  path: Assets/CreativeCore_VFX/Scenes/FinalScene_VFX_Outdoor/Lightmap-0_comp_light.exr
  artifactKey: Guid(2ea7f54200a836146aab1650992f1577) Importer(815301076,1909f56bfc062723c751e8b465ee728b)
Start importing Assets/CreativeCore_VFX/Scenes/FinalScene_VFX_Outdoor/Lightmap-0_comp_light.exr using Guid(2ea7f54200a836146aab1650992f1577) Importer(815301076,1909f56bfc062723c751e8b465ee728b)  -> (artifact id: 'e3e3627778ecabf96b89412258ac3252') in 0.007954 seconds 
  Import took 0.011022 seconds .

========================================================================
Received Import Request.
  Time since last request: 0.000127 seconds.
  path: Assets/CreativeCore_VFX/Scenes/FinalScene_VFX_Outdoor/Lightmap-2_comp_dir.png
  artifactKey: Guid(630c0bbc7fc64fb41a09e508fcc306c2) Importer(815301076,1909f56bfc062723c751e8b465ee728b)
Start importing Assets/CreativeCore_VFX/Scenes/FinalScene_VFX_Outdoor/Lightmap-2_comp_dir.png using Guid(630c0bbc7fc64fb41a09e508fcc306c2) Importer(815301076,1909f56bfc062723c751e8b465ee728b)  -> (artifact id: '959ed22bf04ae5c6d6702bef8d41a690') in 0.006892 seconds 
  Import took 0.010195 seconds .

========================================================================
Received Import Request.
  Time since last request: 0.000135 seconds.
  path: Assets/CreativeCore_VFX/Scenes/FinalScene_VFX_Outdoor/Lightmap-1_comp_dir.png
  artifactKey: Guid(e9a72b4a5bbab87438e7ad0ab4837188) Importer(815301076,1909f56bfc062723c751e8b465ee728b)
Start importing Assets/CreativeCore_VFX/Scenes/FinalScene_VFX_Outdoor/Lightmap-1_comp_dir.png using Guid(e9a72b4a5bbab87438e7ad0ab4837188) Importer(815301076,1909f56bfc062723c751e8b465ee728b)  -> (artifact id: 'a8797b4efd486e9c0fb25c8bcc266c43') in 0.008531 seconds 
  Import took 0.011613 seconds .

========================================================================
Received Import Request.
  Time since last request: 0.000129 seconds.
  path: Assets/CreativeCore_VFX/Scenes/FinalScene_VFX_Outdoor/Lightmap-2_comp_light.exr
  artifactKey: Guid(5d4e6ece319138d4b93041b704776453) Importer(815301076,1909f56bfc062723c751e8b465ee728b)
Start importing Assets/CreativeCore_VFX/Scenes/FinalScene_VFX_Outdoor/Lightmap-2_comp_light.exr using Guid(5d4e6ece319138d4b93041b704776453) Importer(815301076,1909f56bfc062723c751e8b465ee728b)  -> (artifact id: 'dfb319e9db97789add47bf26dc999d6e') in 0.006739 seconds 
  Import took 0.010077 seconds .

========================================================================
Received Import Request.
  Time since last request: 0.000121 seconds.
  path: Assets/CreativeCore_VFX/Scenes/FinalScene_VFX_Outdoor/Lightmap-1_comp_light.exr
  artifactKey: Guid(a67bb1c863b398e4c86814fa228f8c90) Importer(815301076,1909f56bfc062723c751e8b465ee728b)
Start importing Assets/CreativeCore_VFX/Scenes/FinalScene_VFX_Outdoor/Lightmap-1_comp_light.exr using Guid(a67bb1c863b398e4c86814fa228f8c90) Importer(815301076,1909f56bfc062723c751e8b465ee728b)  -> (artifact id: '63eda0a7e46e44bcdd41d95afd6a2326') in 0.009056 seconds 
  Import took 0.012164 seconds .

========================================================================
Received Prepare
Registering precompiled user dll's ...
Registered in 0.001417 seconds.
Begin MonoManager ReloadAssembly
Native extension for WindowsStandalone target not found
Refreshing native plugins compatible for Editor in 0.40 ms, found 2 plugins.
Preloading 0 native plugins for Editor in 0.00 ms.
Mono: successfully reloaded assembly
- Completed reload, in  0.581 seconds
Domain Reload Profiling:
	ReloadAssembly (581ms)
		BeginReloadAssembly (73ms)
			ExecutionOrderSort (0ms)
			DisableScriptedObjects (2ms)
			BackupInstance (0ms)
			ReleaseScriptingObjects (0ms)
			CreateAndSetChildDomain (24ms)
		EndReloadAssembly (474ms)
			LoadAssemblies (49ms)
			RebuildTransferFunctionScriptingTraits (0ms)
			SetupTypeCache (173ms)
			ReleaseScriptCaches (1ms)
			RebuildScriptCaches (33ms)
			SetupLoadedEditorAssemblies (158ms)
				LogAssemblyErrors (0ms)
				InitializePlatformSupportModulesInManaged (3ms)
				SetLoadedEditorAssemblies (0ms)
				RefreshPlugins (0ms)
				BeforeProcessingInitializeOnLoad (36ms)
				ProcessInitializeOnLoadAttributes (112ms)
				ProcessInitializeOnLoadMethodAttributes (3ms)
				AfterProcessingInitializeOnLoad (2ms)
				EditorAssembliesLoaded (0ms)
			ExecutionOrderSort2 (0ms)
			AwakeInstancesAfterBackupRestoration (6ms)
Platform modules already initialized, skipping
Refreshing native plugins compatible for Editor in 0.37 ms, found 2 plugins.
Preloading 0 native plugins for Editor in 0.00 ms.
Unloading 3114 Unused Serialized files (Serialized files now loaded: 0)
System memory in use before: 133.4 MB.
System memory in use after: 133.6 MB.

Unloading 12 unused Assets to reduce memory usage. Loaded Objects now: 3702.
Total: 2.192000 ms (FindLiveObjects: 0.159100 ms CreateObjectMapping: 0.062200 ms MarkObjects: 1.953100 ms  DeleteObjects: 0.016300 ms)

AssetImportParameters requested are different than current active one (requested -> active):
  custom:framework-win-MediaFoundation: 216162199b28c13a410421893ffa2e32 -> 
  custom:video-decoder-ogg-theora: a1e56fd34408186e4bbccfd4996cb3dc -> 
  custom:container-muxer-webm: aa71ff27fc2769a1b78a27578f13a17b -> 
  custom:container-demuxer-webm: 4f35f7cbe854078d1ac9338744f61a02 -> 
  custom:container-demuxer-ogg: 62fdf1f143b41e24485cea50d1cbac27 -> 
  custom:video-encoder-webm-vp8: eb34c28f22e8b96e1ab97ce403110664 -> 
  custom:video-decoder-webm-vp8: 9c59270c3fd7afecdb556c50c9e8de78 -> 
  custom:audio-decoder-ogg-vorbis: bf7c407c2cedff20999df2af8eb42d56 -> 
  custom:audio-encoder-webm-vorbis: bf7c407c2cedff20999df2af8eb42d56 -> 
========================================================================
Received Import Request.
  Time since last request: 201.726188 seconds.
  path: Assets/CreativeCore_VFX/VFX/Samples/Fire/FireMaterial.mat
  artifactKey: Guid(ee9b6ef7a96415640b1a67481fdcc5b4) Importer(815301076,1909f56bfc062723c751e8b465ee728b)
Start importing Assets/CreativeCore_VFX/VFX/Samples/Fire/FireMaterial.mat using Guid(ee9b6ef7a96415640b1a67481fdcc5b4) Importer(815301076,1909f56bfc062723c751e8b465ee728b)  -> (artifact id: '7e74c3962f0f3e3c7dd9a21a58af0106') in 0.248295 seconds 
  Import took 0.252095 seconds .

========================================================================
Received Import Request.
  Time since last request: 41.949035 seconds.
  path: Assets/CreativeCore_VFX/VFX/Samples/SmokePuff/SmokePuffMaterial.mat
  artifactKey: Guid(fb5f266d9ffdf9c439f36e406cc5b994) Importer(815301076,1909f56bfc062723c751e8b465ee728b)
Start importing Assets/CreativeCore_VFX/VFX/Samples/SmokePuff/SmokePuffMaterial.mat using Guid(fb5f266d9ffdf9c439f36e406cc5b994) Importer(815301076,1909f56bfc062723c751e8b465ee728b)  -> (artifact id: 'f073c18be351c5cb2d8cc2cd6bac2780') in 0.018002 seconds 
  Import took 0.022344 seconds .

AssetImportWorkerClient::OnTransportError - code=2 error=End of file
